<?xml version="1.0" encoding="UTF-8"?>
<!-- Generated by org.testng.reporters.JUnitXMLReporter -->
<testsuite ignored="0" hostname="DESKTOP-CAKSD5A" failures="0" tests="5" name="Default test" time="30.997" errors="0" timestamp="2025-04-21T14:27:08 IST">
  <testcase classname="com.TestNGDemos.OHRMLogin" name="loginToOHROM" time="5.553"/>
  <testcase classname="com.TestNGDemos.OHRMLogin" name="loginToOHROM" time="4.815"/>
  <testcase classname="com.TestNGDemos.OHRMLogin" name="loginToOHROM" time="4.481"/>
  <testcase classname="com.TestNGDemos.OHRMLogin" name="loginToOHROM" time="4.944"/>
  <testcase classname="com.TestNGDemos.OHRMLogin" name="loginToOHROM" time="4.033"/>
</testsuite> <!-- Default test -->
